<?xml version="1.0" encoding="UTF-8"?>
<!-- Generated by org.testng.reporters.JUnitReportReporter -->
<testsuite hostname="DESKTOP-2CA7I2T" failures="0" tests="1" name="Test_package.Datadriven_Test" time="60.488" errors="0" timestamp="2023-09-23T14:52:29 GST" skipped="0">
  <testcase classname="Test_package.Datadriven_Test" name="verifyLoginWithValidCred" time="60.488"/>
</testsuite> <!-- Test_package.Datadriven_Test -->
